<?xml version="1.0" encoding="UTF-8"?>
<testng-results ignored="0" total="1" passed="1" failed="0" skipped="0">
  <reporter-output>
  </reporter-output>
  <suite started-at="2025-07-18T09:19:09 IST" name="Suite" finished-at="2025-07-18T09:19:18 IST" duration-ms="9031">
    <groups>
      <group name="Master">
        <method signature="TC002_AccountLoginTest.testLogin()[pri:0, instance:testCases.TC002_AccountLoginTest@436813f3]" name="testLogin" class="testCases.TC002_AccountLoginTest"/>
      </group> <!-- Master -->
      <group name="Sanity">
        <method signature="TC002_AccountLoginTest.testLogin()[pri:0, instance:testCases.TC002_AccountLoginTest@436813f3]" name="testLogin" class="testCases.TC002_AccountLoginTest"/>
      </group> <!-- Sanity -->
    </groups>
    <test started-at="2025-07-18T09:19:09 IST" name="ChromeTest" finished-at="2025-07-18T09:19:18 IST" duration-ms="9031">
      <class name="testCases.TC002_AccountLoginTest">
        <test-method is-config="true" signature="setup(java.lang.String,java.lang.String)[pri:0, instance:testCases.TC002_AccountLoginTest@436813f3]" started-at="2025-07-18T09:19:09 IST" name="setup" finished-at="2025-07-18T09:19:16 IST" duration-ms="7138" status="PASS">
          <params>
            <param index="0">
              <value>
                <![CDATA[Mac]]>
              </value>
            </param>
            <param index="1">
              <value>
                <![CDATA[chrome]]>
              </value>
            </param>
          </params>
          <reporter-output>
          </reporter-output>
        </test-method> <!-- setup -->
        <test-method signature="testLogin()[pri:0, instance:testCases.TC002_AccountLoginTest@436813f3]" started-at="2025-07-18T09:19:16 IST" name="testLogin" finished-at="2025-07-18T09:19:17 IST" duration-ms="1603" status="PASS">
          <reporter-output>
          </reporter-output>
        </test-method> <!-- testLogin -->
        <test-method is-config="true" signature="teardown()[pri:0, instance:testCases.TC002_AccountLoginTest@436813f3]" started-at="2025-07-18T09:19:17 IST" name="teardown" finished-at="2025-07-18T09:19:18 IST" duration-ms="183" status="PASS">
          <reporter-output>
          </reporter-output>
        </test-method> <!-- teardown -->
      </class> <!-- testCases.TC002_AccountLoginTest -->
    </test> <!-- ChromeTest -->
  </suite> <!-- Suite -->
</testng-results>
