<?xml version="1.0" encoding="UTF-8"?>
<testng-results ignored="0" total="1" passed="1" failed="0" skipped="0">
  <reporter-output>
  </reporter-output>
  <suite started-at="2025-07-16T14:09:53 IST" name="Suite" finished-at="2025-07-16T14:10:07 IST" duration-ms="13695">
    <groups>
      <group name="Master">
        <method signature="TC002_AccountLoginTest.testLogin()[pri:0, instance:testCases.TC002_AccountLoginTest@b3ca52e]" name="testLogin" class="testCases.TC002_AccountLoginTest"/>
      </group> <!-- Master -->
      <group name="Sanity">
        <method signature="TC002_AccountLoginTest.testLogin()[pri:0, instance:testCases.TC002_AccountLoginTest@b3ca52e]" name="testLogin" class="testCases.TC002_AccountLoginTest"/>
      </group> <!-- Sanity -->
    </groups>
    <test started-at="2025-07-16T14:09:53 IST" name="ChromeTest" finished-at="2025-07-16T14:10:07 IST" duration-ms="13695">
      <class name="testCases.TC002_AccountLoginTest">
        <test-method is-config="true" signature="setup(java.lang.String,java.lang.String)[pri:0, instance:testCases.TC002_AccountLoginTest@b3ca52e]" started-at="2025-07-16T14:09:53 IST" name="setup" finished-at="2025-07-16T14:10:03 IST" duration-ms="9762" status="PASS">
          <params>
            <param index="0">
              <value>
                <![CDATA[Linux]]>
              </value>
            </param>
            <param index="1">
              <value>
                <![CDATA[firefox]]>
              </value>
            </param>
          </params>
          <reporter-output>
          </reporter-output>
        </test-method> <!-- setup -->
        <test-method signature="testLogin()[pri:0, instance:testCases.TC002_AccountLoginTest@b3ca52e]" started-at="2025-07-16T14:10:03 IST" name="testLogin" finished-at="2025-07-16T14:10:06 IST" duration-ms="3184" status="PASS">
          <reporter-output>
          </reporter-output>
        </test-method> <!-- testLogin -->
        <test-method is-config="true" signature="teardown()[pri:0, instance:testCases.TC002_AccountLoginTest@b3ca52e]" started-at="2025-07-16T14:10:06 IST" name="teardown" finished-at="2025-07-16T14:10:07 IST" duration-ms="599" status="PASS">
          <reporter-output>
          </reporter-output>
        </test-method> <!-- teardown -->
      </class> <!-- testCases.TC002_AccountLoginTest -->
    </test> <!-- ChromeTest -->
  </suite> <!-- Suite -->
</testng-results>
